<?xml version="1.0" encoding="UTF-8"?>
<testsuite xmlns:xsi="http://www.w3.org/2001/XMLSchema-instance" xsi:schemaLocation="https://maven.apache.org/surefire/maven-surefire-plugin/xsd/surefire-test-report.xsd" name="SaucelabIT" time="7.132" tests="15" errors="0" skipped="0" failures="0">
  <properties>
[...]
</properties>
  <testcase name="Given the user navigates to the Swag Labs website" classname="Scenario: Purchase a product on Swag Labs" time="0.001"/>
  <testcase name="When the user logs in with the username &quot;standard_user&quot; and password &quot;secret_sauce&quot;" classname="Scenario: Purchase a product on Swag Labs" time="0"/>
  <testcase name="Then the Products label is displayed on the page" classname="Scenario: Purchase a product on Swag Labs" time="0"/>
  <testcase name="When the user adds &quot;Sauce Labs Backpack&quot; to the cart" classname="Scenario: Purchase a product on Swag Labs" time="0"/>
  <testcase name="Then the Add to Cart link changes to &quot;Remove&quot;" classname="Scenario: Purchase a product on Swag Labs" time="0"/>
  <testcase name="And the checkout icon shows &apos;1&apos; in the image" classname="Scenario: Purchase a product on Swag Labs" time="0"/>
  <testcase name="When the user clicks on the checkout icon" classname="Scenario: Purchase a product on Swag Labs" time="0"/>
  <testcase name="Then &quot;Sauce Labs Backpack&quot; with 1 Qty is displayed in the cart" classname="Scenario: Purchase a product on Swag Labs" time="0.001"/>
  <testcase name="When the user clicks on the &quot;CheckOut&quot; link" classname="Scenario: Purchase a product on Swag Labs" time="0.001"/>
  <testcase name="And then clicks on the &quot;Cancel&quot; link" classname="Scenario: Purchase a product on Swag Labs" time="0"/>
  <testcase name="Then the &quot;Your Cart&quot; label is displayed" classname="Scenario: Purchase a product on Swag Labs" time="0.001"/>
  <testcase name="When the user clicks on the three bars on the left top" classname="Scenario: Purchase a product on Swag Labs" time="0"/>
  <testcase name="And selects &quot;Logout&quot;" classname="Scenario: Purchase a product on Swag Labs" time="0"/>
  <testcase name="Then the Saucedemo.com login page is displayed" classname="Scenario: Purchase a product on Swag Labs" time="0"/>
  <testcase name="Scenario: Purchase a product on Swag Labs" classname="Scenario: Purchase a product on Swag Labs" time="0.001"/>
</testsuite>